# JRE version: OpenJDK Runtime Environment Temurin-17.0.7+7 (17.0.7+7) (build 17.0.7+7)
# Java VM: OpenJDK 64-Bit Server VM Temurin-17.0.7+7 (17.0.7+7, mixed mode, tiered, compressed oops, compressed class ptrs, g1 gc, bsd-amd64)
Heap:
 garbage-first heap   total 139264K, used 64126K [0x0000000400000000, 0x0000000800000000)
  region size 8192K, 3 young (24576K), 1 survivors (8192K)
 Metaspace       used 102749K, committed 103552K, reserved 1179648K
  class space    used 13147K, committed 13568K, reserved 1048576K
GC Heap History (20 events):
Event: 1484.608 GC heap before
{Heap before GC invocations=20 (full 1):
 garbage-first heap   total 139264K, used 102431K [0x0000000400000000, 0x0000000800000000)
  region size 8192K, 8 young (65536K), 0 survivors (0K)
 Metaspace       used 100701K, committed 101440K, reserved 1179648K
  class space    used 13011K, committed 13376K, reserved 1048576K
}
Event: 1484.611 GC heap after
{Heap after GC invocations=21 (full 1):
 garbage-first heap   total 139264K, used 42279K [0x0000000400000000, 0x0000000800000000)
  region size 8192K, 1 young (8192K), 1 survivors (8192K)
 Metaspace       used 100701K, committed 101440K, reserved 1179648K
  class space    used 13011K, committed 13376K, reserved 1048576K
}
Event: 1486.106 GC heap before
{Heap before GC invocations=21 (full 1):
 garbage-first heap   total 139264K, used 99623K [0x0000000400000000, 0x0000000800000000)
  region size 8192K, 8 young (65536K), 1 survivors (8192K)
 Metaspace       used 101162K, committed 101952K, reserved 1179648K
  class space    used 13057K, committed 13440K, reserved 1048576K
}
Event: 1486.110 GC heap after
{Heap after GC invocations=22 (full 1):
 garbage-first heap   total 139264K, used 45076K [0x0000000400000000, 0x0000000800000000)
  region size 8192K, 1 young (8192K), 1 survivors (8192K)
 Metaspace       used 101162K, committed 101952K, reserved 1179648K
  class space    used 13057K, committed 13440K, reserved 1048576K
}
Event: 1486.822 GC heap before
{Heap before GC invocations=22 (full 1):
 garbage-first heap   total 139264K, used 94228K [0x0000000400000000, 0x0000000800000000)
  region size 8192K, 7 young (57344K), 1 survivors (8192K)
 Metaspace       used 101376K, committed 102144K, reserved 1179648K
  class space    used 13067K, committed 13440K, reserved 1048576K
}
Event: 1486.826 GC heap after
{Heap after GC invocations=23 (full 1):
 garbage-first heap   total 139264K, used 46350K [0x0000000400000000, 0x0000000800000000)
  region size 8192K, 1 young (8192K), 1 survivors (8192K)
 Metaspace       used 101376K, committed 102144K, reserved 1179648K
  class space    used 13067K, committed 13440K, reserved 1048576K
}
Event: 1487.400 GC heap before
{Heap before GC invocations=23 (full 1):
 garbage-first heap   total 139264K, used 95502K [0x0000000400000000, 0x0000000800000000)
  region size 8192K, 7 young (57344K), 1 survivors (8192K)
 Metaspace       used 101393K, committed 102144K, reserved 1179648K
  class space    used 13070K, committed 13440K, reserved 1048576K
}
Event: 1487.405 GC heap after
{Heap after GC invocations=24 (full 1):
 garbage-first heap   total 139264K, used 48030K [0x0000000400000000, 0x0000000800000000)
  region size 8192K, 1 young (8192K), 1 survivors (8192K)
 Metaspace       used 101393K, committed 102144K, reserved 1179648K
  class space    used 13070K, committed 13440K, reserved 1048576K
}
Event: 1490.693 GC heap before
{Heap before GC invocations=24 (full 1):
 garbage-first heap   total 139264K, used 64414K [0x0000000400000000, 0x0000000800000000)
  region size 8192K, 4 young (32768K), 1 survivors (8192K)
 Metaspace       used 101506K, committed 102272K, reserved 1179648K
  class space    used 13075K, committed 13440K, reserved 1048576K
}
Event: 1490.904 GC heap after
{Heap after GC invocations=25 (full 2):
 garbage-first heap   total 139264K, used 42000K [0x0000000400000000, 0x0000000800000000)
  region size 8192K, 0 young (0K), 0 survivors (0K)
 Metaspace       used 101503K, committed 102272K, reserved 1179648K
  class space    used 13074K, committed 13440K, reserved 1048576K
}
Event: 1491.916 GC heap before
{Heap before GC invocations=25 (full 2):
 garbage-first heap   total 139264K, used 99344K [0x0000000400000000, 0x0000000800000000)
  region size 8192K, 7 young (57344K), 0 survivors (0K)
 Metaspace       used 101780K, committed 102592K, reserved 1179648K
  class space    used 13097K, committed 13504K, reserved 1048576K
}
Event: 1491.919 GC heap after
{Heap after GC invocations=26 (full 2):
 garbage-first heap   total 139264K, used 46548K [0x0000000400000000, 0x0000000800000000)
  region size 8192K, 1 young (8192K), 1 survivors (8192K)
 Metaspace       used 101780K, committed 102592K, reserved 1179648K
  class space    used 13097K, committed 13504K, reserved 1048576K
}
Event: 1492.874 GC heap before
{Heap before GC invocations=26 (full 2):
 garbage-first heap   total 139264K, used 95700K [0x0000000400000000, 0x0000000800000000)
  region size 8192K, 7 young (57344K), 1 survivors (8192K)
 Metaspace       used 102296K, committed 103040K, reserved 1179648K
  class space    used 13124K, committed 13504K, reserved 1048576K
}
Event: 1492.877 GC heap after
{Heap after GC invocations=27 (full 2):
 garbage-first heap   total 139264K, used 49108K [0x0000000400000000, 0x0000000800000000)
  region size 8192K, 1 young (8192K), 1 survivors (8192K)
 Metaspace       used 102296K, committed 103040K, reserved 1179648K
  class space    used 13124K, committed 13504K, reserved 1048576K
}
Event: 1493.388 GC heap before
{Heap before GC invocations=27 (full 2):
 garbage-first heap   total 139264K, used 90068K [0x0000000400000000, 0x0000000800000000)
  region size 8192K, 6 young (49152K), 1 survivors (8192K)
 Metaspace       used 102605K, committed 103360K, reserved 1179648K
  class space    used 13139K, committed 13504K, reserved 1048576K
}
Event: 1493.392 GC heap after
{Heap after GC invocations=28 (full 2):
 garbage-first heap   total 139264K, used 50853K [0x0000000400000000, 0x0000000800000000)
  region size 8192K, 1 young (8192K), 1 survivors (8192K)
 Metaspace       used 102605K, committed 103360K, reserved 1179648K
  class space    used 13139K, committed 13504K, reserved 1048576K
}
Event: 1493.888 GC heap before
{Heap before GC invocations=28 (full 2):
 garbage-first heap   total 139264K, used 91813K [0x0000000400000000, 0x0000000800000000)
  region size 8192K, 6 young (49152K), 1 survivors (8192K)
 Metaspace       used 102645K, committed 103424K, reserved 1179648K
  class space    used 13143K, committed 13504K, reserved 1048576K
}
Event: 1493.894 GC heap after
{Heap after GC invocations=29 (full 2):
 garbage-first heap   total 139264K, used 52190K [0x0000000400000000, 0x0000000800000000)
  region size 8192K, 1 young (8192K), 1 survivors (8192K)
 Metaspace       used 102645K, committed 103424K, reserved 1179648K
  class space    used 13143K, committed 13504K, reserved 1048576K
}
Event: 1494.434 GC heap before
{Heap before GC invocations=29 (full 2):
 garbage-first heap   total 139264K, used 101342K [0x0000000400000000, 0x0000000800000000)
  region size 8192K, 7 young (57344K), 1 survivors (8192K)
 Metaspace       used 102740K, committed 103552K, reserved 1179648K
  class space    used 13147K, committed 13568K, reserved 1048576K
}
Event: 1494.437 GC heap after
{Heap after GC invocations=30 (full 2):
 garbage-first heap   total 139264K, used 54030K [0x0000000400000000, 0x0000000800000000)
  region size 8192K, 1 young (8192K), 1 survivors (8192K)
 Metaspace       used 102740K, committed 103552K, reserved 1179648K
  class space    used 13147K, committed 13568K, reserved 1048576K
}

