# JRE version: OpenJDK Runtime Environment Temurin-17.0.7+7 (17.0.7+7) (build 17.0.7+7)
# Java VM: OpenJDK 64-Bit Server VM Temurin-17.0.7+7 (17.0.7+7, mixed mode, tiered, compressed oops, compressed class ptrs, g1 gc, bsd-amd64)
Heap:
 garbage-first heap   total 139264K, used 57765K [0x0000000400000000, 0x0000000800000000)
  region size 8192K, 4 young (32768K), 2 survivors (16384K)
 Metaspace       used 98108K, committed 98816K, reserved 1179648K
  class space    used 12773K, committed 13120K, reserved 1048576K
GC Heap History (20 events):
Event: 5.146 GC heap before
{Heap before GC invocations=6 (full 0):
 garbage-first heap   total 114688K, used 25622K [0x0000000400000000, 0x0000000800000000)
  region size 8192K, 3 young (24576K), 1 survivors (8192K)
 Metaspace       used 35624K, committed 35968K, reserved 1114112K
  class space    used 4254K, committed 4416K, reserved 1048576K
}
Event: 5.150 GC heap after
{Heap after GC invocations=7 (full 0):
 garbage-first heap   total 114688K, used 18365K [0x0000000400000000, 0x0000000800000000)
  region size 8192K, 1 young (8192K), 1 survivors (8192K)
 Metaspace       used 35624K, committed 35968K, reserved 1114112K
  class space    used 4254K, committed 4416K, reserved 1048576K
}
Event: 6.483 GC heap before
{Heap before GC invocations=8 (full 0):
 garbage-first heap   total 114688K, used 67517K [0x0000000400000000, 0x0000000800000000)
  region size 8192K, 7 young (57344K), 1 survivors (8192K)
 Metaspace       used 42462K, committed 42880K, reserved 1114112K
  class space    used 5130K, committed 5312K, reserved 1048576K
}
Event: 6.491 GC heap after
{Heap after GC invocations=9 (full 0):
 garbage-first heap   total 114688K, used 21456K [0x0000000400000000, 0x0000000800000000)
  region size 8192K, 1 young (8192K), 1 survivors (8192K)
 Metaspace       used 42462K, committed 42880K, reserved 1114112K
  class space    used 5130K, committed 5312K, reserved 1048576K
}
Event: 6.643 GC heap before
{Heap before GC invocations=9 (full 0):
 garbage-first heap   total 114688K, used 29648K [0x0000000400000000, 0x0000000800000000)
  region size 8192K, 2 young (16384K), 1 survivors (8192K)
 Metaspace       used 44140K, committed 44544K, reserved 1114112K
  class space    used 5304K, committed 5504K, reserved 1048576K
}
Event: 6.656 GC heap after
{Heap after GC invocations=10 (full 0):
 garbage-first heap   total 114688K, used 21165K [0x0000000400000000, 0x0000000800000000)
  region size 8192K, 1 young (8192K), 1 survivors (8192K)
 Metaspace       used 44140K, committed 44544K, reserved 1114112K
  class space    used 5304K, committed 5504K, reserved 1048576K
}
Event: 7.592 GC heap before
{Heap before GC invocations=10 (full 0):
 garbage-first heap   total 114688K, used 62125K [0x0000000400000000, 0x0000000800000000)
  region size 8192K, 6 young (49152K), 1 survivors (8192K)
 Metaspace       used 52451K, committed 52864K, reserved 1114112K
  class space    used 6429K, committed 6656K, reserved 1048576K
}
Event: 7.598 GC heap after
{Heap after GC invocations=11 (full 0):
 garbage-first heap   total 581632K, used 23319K [0x0000000400000000, 0x0000000800000000)
  region size 8192K, 1 young (8192K), 1 survivors (8192K)
 Metaspace       used 52451K, committed 52864K, reserved 1114112K
  class space    used 6429K, committed 6656K, reserved 1048576K
}
Event: 8.144 GC heap before
{Heap before GC invocations=11 (full 0):
 garbage-first heap   total 581632K, used 56087K [0x0000000400000000, 0x0000000800000000)
  region size 8192K, 6 young (49152K), 1 survivors (8192K)
 Metaspace       used 59875K, committed 60288K, reserved 1114112K
  class space    used 7566K, committed 7744K, reserved 1048576K
}
Event: 8.149 GC heap after
{Heap after GC invocations=12 (full 0):
 garbage-first heap   total 581632K, used 24953K [0x0000000400000000, 0x0000000800000000)
  region size 8192K, 1 young (8192K), 1 survivors (8192K)
 Metaspace       used 59875K, committed 60288K, reserved 1114112K
  class space    used 7566K, committed 7744K, reserved 1048576K
}
Event: 10.080 GC heap before
{Heap before GC invocations=13 (full 0):
 garbage-first heap   total 139264K, used 98681K [0x0000000400000000, 0x0000000800000000)
  region size 8192K, 10 young (81920K), 1 survivors (8192K)
 Metaspace       used 73946K, committed 74560K, reserved 1114112K
  class space    used 9618K, committed 9920K, reserved 1048576K
}
Event: 10.108 GC heap after
{Heap after GC invocations=14 (full 0):
 garbage-first heap   total 139264K, used 28205K [0x0000000400000000, 0x0000000800000000)
  region size 8192K, 2 young (16384K), 2 survivors (16384K)
 Metaspace       used 73946K, committed 74560K, reserved 1114112K
  class space    used 9618K, committed 9920K, reserved 1048576K
}
Event: 10.347 GC heap before
{Heap before GC invocations=14 (full 0):
 garbage-first heap   total 139264K, used 36397K [0x0000000400000000, 0x0000000800000000)
  region size 8192K, 3 young (24576K), 2 survivors (16384K)
 Metaspace       used 75114K, committed 75712K, reserved 1179648K
  class space    used 9828K, committed 10112K, reserved 1048576K
}
Event: 10.357 GC heap after
{Heap after GC invocations=15 (full 0):
 garbage-first heap   total 139264K, used 29204K [0x0000000400000000, 0x0000000800000000)
  region size 8192K, 1 young (8192K), 1 survivors (8192K)
 Metaspace       used 75114K, committed 75712K, reserved 1179648K
  class space    used 9828K, committed 10112K, reserved 1048576K
}
Event: 12.378 GC heap before
{Heap before GC invocations=15 (full 0):
 garbage-first heap   total 139264K, used 102932K [0x0000000400000000, 0x0000000800000000)
  region size 8192K, 10 young (81920K), 1 survivors (8192K)
 Metaspace       used 79652K, committed 80192K, reserved 1179648K
  class space    used 10511K, committed 10752K, reserved 1048576K
}
Event: 12.390 GC heap after
{Heap after GC invocations=16 (full 0):
 garbage-first heap   total 139264K, used 33055K [0x0000000400000000, 0x0000000800000000)
  region size 8192K, 2 young (16384K), 2 survivors (16384K)
 Metaspace       used 79652K, committed 80192K, reserved 1179648K
  class space    used 10511K, committed 10752K, reserved 1048576K
}
Event: 14.298 GC heap before
{Heap before GC invocations=17 (full 0):
 garbage-first heap   total 139264K, used 98591K [0x0000000400000000, 0x0000000800000000)
  region size 8192K, 10 young (81920K), 2 survivors (16384K)
 Metaspace       used 82695K, committed 83200K, reserved 1179648K
  class space    used 10971K, committed 11200K, reserved 1048576K
}
Event: 14.307 GC heap after
{Heap after GC invocations=18 (full 0):
 garbage-first heap   total 139264K, used 36492K [0x0000000400000000, 0x0000000800000000)
  region size 8192K, 2 young (16384K), 2 survivors (16384K)
 Metaspace       used 82695K, committed 83200K, reserved 1179648K
  class space    used 10971K, committed 11200K, reserved 1048576K
}
Event: 43.220 GC heap before
{Heap before GC invocations=18 (full 0):
 garbage-first heap   total 139264K, used 93836K [0x0000000400000000, 0x0000000800000000)
  region size 8192K, 9 young (73728K), 2 survivors (16384K)
 Metaspace       used 97348K, committed 98048K, reserved 1179648K
  class space    used 12765K, committed 13120K, reserved 1048576K
}
Event: 43.229 GC heap after
{Heap after GC invocations=19 (full 0):
 garbage-first heap   total 139264K, used 41711K [0x0000000400000000, 0x0000000800000000)
  region size 8192K, 2 young (16384K), 2 survivors (16384K)
 Metaspace       used 97348K, committed 98048K, reserved 1179648K
  class space    used 12765K, committed 13120K, reserved 1048576K
}

