# JRE version: OpenJDK Runtime Environment Temurin-17.0.7+7 (17.0.7+7) (build 17.0.7+7)
# Java VM: OpenJDK 64-Bit Server VM Temurin-17.0.7+7 (17.0.7+7, mixed mode, tiered, compressed oops, compressed class ptrs, g1 gc, bsd-amd64)
Heap:
 garbage-first heap   total 196608K, used 129766K [0x0000000400000000, 0x0000000800000000)
  region size 8192K, 10 young (81920K), 2 survivors (16384K)
 Metaspace       used 92051K, committed 92864K, reserved 1179648K
  class space    used 11666K, committed 12096K, reserved 1048576K
GC Heap History (20 events):
Event: 355.908 GC heap before
{Heap before GC invocations=38 (full 2):
 garbage-first heap   total 114688K, used 75186K [0x0000000400000000, 0x0000000800000000)
  region size 8192K, 4 young (32768K), 1 survivors (8192K)
 Metaspace       used 88621K, committed 89408K, reserved 1179648K
  class space    used 11454K, committed 11840K, reserved 1048576K
}
Event: 355.913 GC heap after
{Heap after GC invocations=39 (full 2):
 garbage-first heap   total 114688K, used 51091K [0x0000000400000000, 0x0000000800000000)
  region size 8192K, 1 young (8192K), 1 survivors (8192K)
 Metaspace       used 88621K, committed 89408K, reserved 1179648K
  class space    used 11454K, committed 11840K, reserved 1048576K
}
Event: 356.168 GC heap before
{Heap before GC invocations=39 (full 2):
 garbage-first heap   total 114688K, used 75667K [0x0000000400000000, 0x0000000800000000)
  region size 8192K, 4 young (32768K), 1 survivors (8192K)
 Metaspace       used 88625K, committed 89408K, reserved 1179648K
  class space    used 11455K, committed 11840K, reserved 1048576K
}
Event: 356.171 GC heap after
{Heap after GC invocations=40 (full 2):
 garbage-first heap   total 114688K, used 51861K [0x0000000400000000, 0x0000000800000000)
  region size 8192K, 1 young (8192K), 1 survivors (8192K)
 Metaspace       used 88625K, committed 89408K, reserved 1179648K
  class space    used 11455K, committed 11840K, reserved 1048576K
}
Event: 356.499 GC heap before
{Heap before GC invocations=40 (full 2):
 garbage-first heap   total 114688K, used 76437K [0x0000000400000000, 0x0000000800000000)
  region size 8192K, 4 young (32768K), 1 survivors (8192K)
 Metaspace       used 88711K, committed 89472K, reserved 1179648K
  class space    used 11457K, committed 11840K, reserved 1048576K
}
Event: 356.502 GC heap after
{Heap after GC invocations=41 (full 2):
 garbage-first heap   total 114688K, used 52395K [0x0000000400000000, 0x0000000800000000)
  region size 8192K, 1 young (8192K), 1 survivors (8192K)
 Metaspace       used 88711K, committed 89472K, reserved 1179648K
  class space    used 11457K, committed 11840K, reserved 1048576K
}
Event: 367.565 GC heap before
{Heap before GC invocations=41 (full 2):
 garbage-first heap   total 114688K, used 52395K [0x0000000400000000, 0x0000000800000000)
  region size 8192K, 2 young (16384K), 1 survivors (8192K)
 Metaspace       used 88717K, committed 89472K, reserved 1179648K
  class space    used 11458K, committed 11840K, reserved 1048576K
}
Event: 367.789 GC heap after
{Heap after GC invocations=42 (full 3):
 garbage-first heap   total 114688K, used 46271K [0x0000000400000000, 0x0000000800000000)
  region size 8192K, 0 young (0K), 0 survivors (0K)
 Metaspace       used 88711K, committed 89472K, reserved 1179648K
  class space    used 11457K, committed 11840K, reserved 1048576K
}
Event: 368.383 GC heap before
{Heap before GC invocations=42 (full 3):
 garbage-first heap   total 114688K, used 87231K [0x0000000400000000, 0x0000000800000000)
  region size 8192K, 5 young (40960K), 0 survivors (0K)
 Metaspace       used 88914K, committed 89664K, reserved 1179648K
  class space    used 11472K, committed 11840K, reserved 1048576K
}
Event: 368.385 GC heap after
{Heap after GC invocations=43 (full 3):
 garbage-first heap   total 581632K, used 49956K [0x0000000400000000, 0x0000000800000000)
  region size 8192K, 1 young (8192K), 1 survivors (8192K)
 Metaspace       used 88914K, committed 89664K, reserved 1179648K
  class space    used 11472K, committed 11840K, reserved 1048576K
}
Event: 434.908 GC heap before
{Heap before GC invocations=43 (full 3):
 garbage-first heap   total 581632K, used 254756K [0x0000000400000000, 0x0000000800000000)
  region size 8192K, 27 young (221184K), 1 survivors (8192K)
 Metaspace       used 89866K, committed 90624K, reserved 1179648K
  class space    used 11524K, committed 11904K, reserved 1048576K
}
Event: 434.992 GC heap after
{Heap after GC invocations=44 (full 4):
 garbage-first heap   total 303104K, used 51376K [0x0000000400000000, 0x0000000800000000)
  region size 8192K, 0 young (0K), 0 survivors (0K)
 Metaspace       used 89860K, committed 90624K, reserved 1179648K
  class space    used 11523K, committed 11904K, reserved 1048576K
}
Event: 436.935 GC heap before
{Heap before GC invocations=44 (full 4):
 garbage-first heap   total 303104K, used 198832K [0x0000000400000000, 0x0000000800000000)
  region size 8192K, 18 young (147456K), 0 survivors (0K)
 Metaspace       used 90854K, committed 91584K, reserved 1179648K
  class space    used 11597K, committed 11968K, reserved 1048576K
}
Event: 436.941 GC heap after
{Heap after GC invocations=45 (full 4):
 garbage-first heap   total 303104K, used 60263K [0x0000000400000000, 0x0000000800000000)
  region size 8192K, 2 young (16384K), 2 survivors (16384K)
 Metaspace       used 90854K, committed 91584K, reserved 1179648K
  class space    used 11597K, committed 11968K, reserved 1048576K
}
Event: 489.630 GC heap before
{Heap before GC invocations=46 (full 4):
 garbage-first heap   total 303104K, used 142183K [0x0000000400000000, 0x0000000800000000)
  region size 8192K, 13 young (106496K), 2 survivors (16384K)
 Metaspace       used 90965K, committed 91712K, reserved 1179648K
  class space    used 11602K, committed 11968K, reserved 1048576K
}
Event: 489.774 GC heap after
{Heap after GC invocations=47 (full 5):
 garbage-first heap   total 196608K, used 56339K [0x0000000400000000, 0x0000000800000000)
  region size 8192K, 0 young (0K), 0 survivors (0K)
 Metaspace       used 90958K, committed 91712K, reserved 1179648K
  class space    used 11601K, committed 11968K, reserved 1048576K
}
Event: 490.943 GC heap before
{Heap before GC invocations=47 (full 5):
 garbage-first heap   total 196608K, used 146451K [0x0000000400000000, 0x0000000800000000)
  region size 8192K, 11 young (90112K), 0 survivors (0K)
 Metaspace       used 91319K, committed 92160K, reserved 1179648K
  class space    used 11625K, committed 12032K, reserved 1048576K
}
Event: 490.946 GC heap after
{Heap after GC invocations=48 (full 5):
 garbage-first heap   total 196608K, used 63244K [0x0000000400000000, 0x0000000800000000)
  region size 8192K, 1 young (8192K), 1 survivors (8192K)
 Metaspace       used 91319K, committed 92160K, reserved 1179648K
  class space    used 11625K, committed 12032K, reserved 1048576K
}
Event: 492.276 GC heap before
{Heap before GC invocations=49 (full 5):
 garbage-first heap   total 196608K, used 145164K [0x0000000400000000, 0x0000000800000000)
  region size 8192K, 11 young (90112K), 1 survivors (8192K)
 Metaspace       used 91992K, committed 92800K, reserved 1179648K
  class space    used 11661K, committed 12096K, reserved 1048576K
}
Event: 492.280 GC heap after
{Heap after GC invocations=50 (full 5):
 garbage-first heap   total 196608K, used 65959K [0x0000000400000000, 0x0000000800000000)
  region size 8192K, 2 young (16384K), 2 survivors (16384K)
 Metaspace       used 91992K, committed 92800K, reserved 1179648K
  class space    used 11661K, committed 12096K, reserved 1048576K
}

